NotePad-master/app/build/intermediates/manifest_merge_blame_file/debug/manifest-merger-blame-debug-report.txt
1<?xml version="1.0" encoding="utf-8"?>
2<!--
3 Copyright (C) 2007 The Android Open Source Project
4
5     Licensed under the Apache License, Version 2.0 (the "License");
6     you may not use this file except in compliance with the License.
7     You may obtain a copy of the License at
8
9          http://www.apache.org/licenses/LICENSE-2.0
10
11     Unless required by applicable law or agreed to in writing, software
12     distributed under the License is distributed on an "AS IS" BASIS,
13     WITHOUT WARRANTIES OR CONDITIONS OF ANY KIND, either express or implied.
14     See the License for the specific language governing permissions and
15     limitations under the License.
16-->
17<!--
18 Declare the contents of this Android application.  The namespace
19     attribute brings in the Android platform namespace, and the package
20     supplies a unique name for the application.  When writing your
21     own application, the package name must be changed from "com.example.*"
22     to come from a domain that you own or have control over.
23-->
24<manifest xmlns:android="http://schemas.android.com/apk/res/android"
25    package="com.example.myapplication"
26    android:versionCode="1"
27    android:versionName="1.0" >
28
29    <uses-sdk
30        android:minSdkVersion="21"
30-->src\main\AndroidManifest.xml
31        android:targetSdkVersion="28" />
31-->src\main\AndroidManifest.xml
32
33    <application
33-->src\main\AndroidManifest.xml:25:5-122:19
34        android:debuggable="true"
35        android:icon="@drawable/app_notes"
35-->src\main\AndroidManifest.xml:25:18-52
36        android:label="@string/app_name" >
36-->src\main\AndroidManifest.xml:26:9-41
37        <provider
37-->src\main\AndroidManifest.xml:27:9-31:20
38            android:name="com.example.android.notepad.NotePadProvider"
38-->src\main\AndroidManifest.xml:27:19-49
39            android:authorities="com.google.provider.NotePad"
39-->src\main\AndroidManifest.xml:28:13-62
40            android:exported="false" >
40-->src\main\AndroidManifest.xml:29:13-37
41            <grant-uri-permission android:pathPattern=".*" />
41-->src\main\AndroidManifest.xml:30:13-62
41-->src\main\AndroidManifest.xml:30:35-59
42        </provider>
43
44        <activity
44-->src\main\AndroidManifest.xml:33:9-52:20
45            android:name="com.example.android.notepad.NotesList"
45-->src\main\AndroidManifest.xml:33:19-43
46            android:label="@string/title_notes_list"
46-->src\main\AndroidManifest.xml:33:44-84
47            android:theme="@android:style/ThemeOverlay.Material.Dark.ActionBar" >
47-->src\main\AndroidManifest.xml:34:13-80
48            <intent-filter>
48-->src\main\AndroidManifest.xml:36:13-39:29
49                <action android:name="android.intent.action.MAIN" />
49-->src\main\AndroidManifest.xml:37:17-69
49-->src\main\AndroidManifest.xml:37:25-66
50
51                <category android:name="android.intent.category.LAUNCHER" />
51-->src\main\AndroidManifest.xml:38:17-77
51-->src\main\AndroidManifest.xml:38:27-74
52            </intent-filter>
53            <intent-filter>
53-->src\main\AndroidManifest.xml:40:13-46:29
54                <action android:name="android.intent.action.VIEW" />
54-->src\main\AndroidManifest.xml:41:17-69
54-->src\main\AndroidManifest.xml:41:25-66
55                <action android:name="android.intent.action.EDIT" />
55-->src\main\AndroidManifest.xml:42:17-69
55-->src\main\AndroidManifest.xml:42:25-66
56                <action android:name="android.intent.action.PICK" />
56-->src\main\AndroidManifest.xml:43:17-69
56-->src\main\AndroidManifest.xml:43:25-66
57
58                <category android:name="android.intent.category.DEFAULT" />
58-->src\main\AndroidManifest.xml:44:17-76
58-->src\main\AndroidManifest.xml:44:27-73
59
60                <data android:mimeType="vnd.android.cursor.dir/vnd.google.note" />
60-->src\main\AndroidManifest.xml:45:17-83
60-->src\main\AndroidManifest.xml:45:23-80
61            </intent-filter>
62            <intent-filter>
62-->src\main\AndroidManifest.xml:47:13-51:29
63                <action android:name="android.intent.action.GET_CONTENT" />
63-->src\main\AndroidManifest.xml:48:17-76
63-->src\main\AndroidManifest.xml:48:25-73
64
65                <category android:name="android.intent.category.DEFAULT" />
65-->src\main\AndroidManifest.xml:44:17-76
65-->src\main\AndroidManifest.xml:44:27-73
66
67                <data android:mimeType="vnd.android.cursor.item/vnd.google.note" />
67-->src\main\AndroidManifest.xml:45:17-83
67-->src\main\AndroidManifest.xml:45:23-80
68            </intent-filter>
69        </activity>
70        <activity
70-->src\main\AndroidManifest.xml:55:9-81:20
71            android:name="com.example.android.notepad.NoteEditor"
71-->src\main\AndroidManifest.xml:55:19-44
72            android:configChanges="keyboardHidden|orientation"
72-->src\main\AndroidManifest.xml:58:13-63
73            android:screenOrientation="sensor"
73-->src\main\AndroidManifest.xml:57:13-47
74            android:theme="@android:style/Theme.Holo.Light" >
74-->src\main\AndroidManifest.xml:56:13-60
75
76            <!--
77                 This filter says that we can view or edit the data of
78                 a single note
79            -->
80            <intent-filter android:label="@string/resolve_edit" >
80-->src\main\AndroidManifest.xml:62:13-68:29
80-->src\main\AndroidManifest.xml:62:28-64
81                <action android:name="android.intent.action.VIEW" />
81-->src\main\AndroidManifest.xml:41:17-69
81-->src\main\AndroidManifest.xml:41:25-66
82                <action android:name="android.intent.action.EDIT" />
82-->src\main\AndroidManifest.xml:42:17-69
82-->src\main\AndroidManifest.xml:42:25-66
83                <action android:name="com.android.notepad.action.EDIT_NOTE" />
83-->src\main\AndroidManifest.xml:65:17-79
83-->src\main\AndroidManifest.xml:65:25-76
84
85                <category android:name="android.intent.category.DEFAULT" />
85-->src\main\AndroidManifest.xml:44:17-76
85-->src\main\AndroidManifest.xml:44:27-73
86
87                <data android:mimeType="vnd.android.cursor.item/vnd.google.note" />
87-->src\main\AndroidManifest.xml:45:17-83
87-->src\main\AndroidManifest.xml:45:23-80
88            </intent-filter>
89
90            <!--
91                 This filter says that we can create a new note inside
92                 of a directory of notes.  The INSERT action creates an
93                 empty note; the PASTE action initializes a new note from
94                 the current contents of the clipboard.
95            -->
96            <intent-filter>
96-->src\main\AndroidManifest.xml:74:13-79:29
97                <action android:name="android.intent.action.INSERT" />
97-->src\main\AndroidManifest.xml:75:17-71
97-->src\main\AndroidManifest.xml:75:25-68
98                <action android:name="android.intent.action.PASTE" />
98-->src\main\AndroidManifest.xml:76:17-70
98-->src\main\AndroidManifest.xml:76:25-67
99
100                <category android:name="android.intent.category.DEFAULT" />
100-->src\main\AndroidManifest.xml:44:17-76
100-->src\main\AndroidManifest.xml:44:27-73
101
102                <data android:mimeType="vnd.android.cursor.dir/vnd.google.note" />
102-->src\main\AndroidManifest.xml:45:17-83
102-->src\main\AndroidManifest.xml:45:23-80
103            </intent-filter>
104        </activity>
105        <activity
105-->src\main\AndroidManifest.xml:83:9-108:20
106            android:name="com.example.android.notepad.TitleEditor"
106-->src\main\AndroidManifest.xml:83:19-45
107            android:icon="@drawable/ic_menu_edit"
107-->src\main\AndroidManifest.xml:85:13-50
108            android:label="@string/title_edit_title"
108-->src\main\AndroidManifest.xml:84:13-53
109            android:theme="@android:style/Theme.Holo.Dialog"
109-->src\main\AndroidManifest.xml:86:13-61
110            android:windowSoftInputMode="stateVisible" >
110-->src\main\AndroidManifest.xml:87:13-55
111
112            <!--
113                 This activity implements an alternative action that can be
114                 performed on notes: editing their title.  It can be used as
115                 a default operation if the user invokes this action, and is
116                 available as an alternative action for any note data.
117            -->
118            <intent-filter android:label="@string/resolve_title" >
118-->src\main\AndroidManifest.xml:92:13-107:29
118-->src\main\AndroidManifest.xml:92:28-65
119
120                <!--
121                     This is the action we perform.  It is a custom action we
122                     define for our application, not a generic VIEW or EDIT
123                     action since we are not a general note viewer/editor.
124                -->
125                <action android:name="com.android.notepad.action.EDIT_TITLE" />
125-->src\main\AndroidManifest.xml:96:17-80
125-->src\main\AndroidManifest.xml:96:25-77
126                <!-- DEFAULT: execute if being directly invoked. -->
127                <category android:name="android.intent.category.DEFAULT" />
127-->src\main\AndroidManifest.xml:44:17-76
127-->src\main\AndroidManifest.xml:44:27-73
128                <!--
129                     ALTERNATIVE: show as an alternative action when the user is
130                     working with this type of data.
131                -->
132                <category android:name="android.intent.category.ALTERNATIVE" />
132-->src\main\AndroidManifest.xml:101:17-80
132-->src\main\AndroidManifest.xml:101:27-77
133                <!--
134                     SELECTED_ALTERNATIVE: show as an alternative action the user
135                     can perform when selecting this type of data.
136                -->
137                <category android:name="android.intent.category.SELECTED_ALTERNATIVE" />
137-->src\main\AndroidManifest.xml:104:17-89
137-->src\main\AndroidManifest.xml:104:27-86
138                <!-- This is the data type we operate on. -->
139                <data android:mimeType="vnd.android.cursor.item/vnd.google.note" />
139-->src\main\AndroidManifest.xml:45:17-83
139-->src\main\AndroidManifest.xml:45:23-80
140            </intent-filter>
141        </activity>
142        <activity
142-->src\main\AndroidManifest.xml:110:9-116:20
143            android:name="com.example.android.notepad.NotesLiveFolder"
143-->src\main\AndroidManifest.xml:110:19-49
144            android:icon="@drawable/live_folder_notes"
144-->src\main\AndroidManifest.xml:111:13-55
145            android:label="@string/live_folder_name" >
145-->src\main\AndroidManifest.xml:110:50-90
146            <intent-filter>
146-->src\main\AndroidManifest.xml:112:13-115:29
147                <action android:name="android.intent.action.CREATE_LIVE_FOLDER" />
147-->src\main\AndroidManifest.xml:113:17-83
147-->src\main\AndroidManifest.xml:113:25-80
148
149                <category android:name="android.intent.category.DEFAULT" />
149-->src\main\AndroidManifest.xml:44:17-76
149-->src\main\AndroidManifest.xml:44:27-73
150            </intent-filter>
151        </activity>
152        <activity
152-->src\main\AndroidManifest.xml:118:9-121:20
153            android:name="com.example.android.notepad.NoteSearch"
153-->src\main\AndroidManifest.xml:119:13-38
154            android:label=" " >
154-->src\main\AndroidManifest.xml:120:13-30
155        </activity>
156    </application>
157
158</manifest>